<?xml version="1.0" encoding="utf-8" standalone="no"?>
<!--This file represents the results of running a test suite-->
<test-results name="C:\Users\Doug\agent-orders\tests\OrderImportTests\bin\Release\OrderImportTests.dll" total="1" errors="0" failures="0" not-run="0" inconclusive="0" ignored="0" skipped="0" invalid="0" date="2012-11-13" time="22:53:26">
  <environment nunit-version="2.6.2.12296" clr-version="2.0.50727.5456" os-version="Microsoft Windows NT 6.1.7601 Service Pack 1" platform="Win32NT" cwd="C:\Program Files (x86)\NUnit 2.6.2\bin" machine-name="FREEDOM" user="Doug" user-domain="FREEDOM" />
  <culture-info current-culture="en-US" current-uiculture="en-US" />
  <test-suite type="Assembly" name="C:\Users\Doug\agent-orders\tests\OrderImportTests\bin\Release\OrderImportTests.dll" executed="True" result="Success" success="True" time="0.499" asserts="0">
    <results>
      <test-suite type="Namespace" name="OrderImportTests" executed="True" result="Success" success="True" time="0.468" asserts="0">
        <results>
          <test-suite type="TestFixture" name="OrderParserTests" executed="True" result="Success" success="True" time="0.468" asserts="0">
            <results>
              <test-case name="OrderImportTests.OrderParserTests.Parse_OneOrder" executed="True" result="Success" success="True" time="0.452" asserts="8" />
            </results>
          </test-suite>
        </results>
      </test-suite>
    </results>
  </test-suite>
</test-results>